<?xml version="1.0" encoding="UTF-8"?>
<testsuite xmlns:xsi="http://www.w3.org/2001/XMLSchema-instance" xsi:noNamespaceSchemaLocation="https://maven.apache.org/surefire/maven-surefire-plugin/xsd/surefire-test-report-3.0.xsd" version="3.0" name="com.example.pafbackend.PafBackendApplicationTests" time="27.612" tests="1" errors="0" skipped="0" failures="0">
  <properties>
[...]
</properties>
  <testcase name="contextLoads" classname="com.example.pafbackend.PafBackendApplicationTests" time="4.749">
    <system-out><![CDATA[15:29:43.812 [main] INFO org.springframework.test.context.support.AnnotationConfigContextLoaderUtils -- Could not detect default configuration classes for test class [com.example.pafbackend.PafBackendApplicationTests]: PafBackendApplicationTests does not declare any static, non-private, non-final, nested classes annotated with @Configuration.
15:29:44.624 [main] INFO org.springframework.boot.test.context.SpringBootTestContextBootstrapper -- Found @SpringBootConfiguration com.example.pafbackend.PafBackendApplication for test class com.example.pafbackend.PafBackendApplicationTests

  .   ____          _            __ _ _
 /\\ / ___'_ __ _ _(_)_ __  __ _ \ \ \ \
( ( )\___ | '_ | '_| | '_ \/ _` | \ \ \ \
 \\/  ___)| |_)| | | | | || (_| |  ) ) ) )
  '  |____| .__|_| |_|_| |_\__, | / / / /
 =========|_|==============|___/=/_/_/_/
 :: Spring Boot ::                (v3.2.4)

2025-05-04T15:29:46.713+05:30  INFO 26488 --- [PafBackend] [           main] c.e.p.PafBackendApplicationTests         : Starting PafBackendApplicationTests using Java 19.0.2 with PID 26488 (started by CYBORG in C:\Users\CYBORG\Documents\cooking-share\backend)
2025-05-04T15:29:46.718+05:30  INFO 26488 --- [PafBackend] [           main] c.e.p.PafBackendApplicationTests         : The following 1 profile is active: "dev"
2025-05-04T15:29:49.335+05:30  INFO 26488 --- [PafBackend] [           main] .s.d.r.c.RepositoryConfigurationDelegate : Bootstrapping Spring Data MongoDB repositories in DEFAULT mode.
2025-05-04T15:29:49.886+05:30  INFO 26488 --- [PafBackend] [           main] .s.d.r.c.RepositoryConfigurationDelegate : Finished Spring Data repository scanning in 523 ms. Found 11 MongoDB repository interfaces.
2025-05-04T15:29:54.184+05:30  WARN 26488 --- [PafBackend] [           main] org.mongodb.driver.uri                   : Connection string contains unsupported option 'tlsallowinvalidcertificates'.
2025-05-04T15:29:54.592+05:30  INFO 26488 --- [PafBackend] [is6.mongodb.net] org.mongodb.driver.cluster               : Adding discovered server ac-m6m70ig-shard-00-00.ghixis6.mongodb.net:27017 to client view of cluster
2025-05-04T15:29:54.702+05:30  INFO 26488 --- [PafBackend] [           main] org.mongodb.driver.client                : MongoClient with metadata {"application": {"name": "Cluster0"}, "driver": {"name": "mongo-java-driver|sync|spring-boot", "version": "4.11.1"}, "os": {"type": "Windows", "name": "Windows 11", "architecture": "amd64", "version": "10.0"}, "platform": "Java/Oracle Corporation/19.0.2+7-44"} created with settings MongoClientSettings{readPreference=primary, writeConcern=WriteConcern{w=majority, wTimeout=null ms, journal=null}, retryWrites=true, retryReads=true, readConcern=ReadConcern{level=null}, credential=MongoCredential{mechanism=null, userName='izu99', source='admin', password=<hidden>, mechanismProperties=<hidden>}, transportSettings=null, streamFactoryFactory=null, commandListeners=[], codecRegistry=ProvidersCodecRegistry{codecProviders=[ValueCodecProvider{}, BsonValueCodecProvider{}, DBRefCodecProvider{}, DBObjectCodecProvider{}, DocumentCodecProvider{}, CollectionCodecProvider{}, IterableCodecProvider{}, MapCodecProvider{}, GeoJsonCodecProvider{}, GridFSFileCodecProvider{}, Jsr310CodecProvider{}, JsonObjectCodecProvider{}, BsonCodecProvider{}, EnumCodecProvider{}, com.mongodb.client.model.mql.ExpressionCodecProvider@668cc9a2, com.mongodb.Jep395RecordCodecProvider@5aa62ee7, com.mongodb.KotlinCodecProvider@1f7cec93]}, loggerSettings=LoggerSettings{maxDocumentLength=1000}, clusterSettings={hosts=[127.0.0.1:27017], srvHost=cluster0.ghixis6.mongodb.net, srvServiceName=mongodb, mode=MULTIPLE, requiredClusterType=REPLICA_SET, requiredReplicaSetName='atlas-ml03f3-shard-0', serverSelector='null', clusterListeners='[]', serverSelectionTimeout='30000 ms', localThreshold='15 ms'}, socketSettings=SocketSettings{connectTimeoutMS=10000, readTimeoutMS=0, receiveBufferSize=0, proxySettings=ProxySettings{host=null, port=null, username=null, password=null}}, heartbeatSocketSettings=SocketSettings{connectTimeoutMS=10000, readTimeoutMS=10000, receiveBufferSize=0, proxySettings=ProxySettings{host=null, port=null, username=null, password=null}}, connectionPoolSettings=ConnectionPoolSettings{maxSize=100, minSize=0, maxWaitTimeMS=120000, maxConnectionLifeTimeMS=0, maxConnectionIdleTimeMS=0, maintenanceInitialDelayMS=0, maintenanceFrequencyMS=60000, connectionPoolListeners=[], maxConnecting=2}, serverSettings=ServerSettings{heartbeatFrequencyMS=10000, minHeartbeatFrequencyMS=500, serverListeners='[]', serverMonitorListeners='[]'}, sslSettings=SslSettings{enabled=true, invalidHostNameAllowed=false, context=null}, applicationName='Cluster0', compressorList=[], uuidRepresentation=JAVA_LEGACY, serverApi=null, autoEncryptionSettings=null, dnsClient=null, inetAddressResolver=null, contextProvider=null}
2025-05-04T15:29:54.899+05:30  INFO 26488 --- [PafBackend] [is6.mongodb.net] org.mongodb.driver.cluster               : Adding discovered server ac-m6m70ig-shard-00-02.ghixis6.mongodb.net:27017 to client view of cluster
2025-05-04T15:29:54.968+05:30  INFO 26488 --- [PafBackend] [is6.mongodb.net] org.mongodb.driver.cluster               : Adding discovered server ac-m6m70ig-shard-00-01.ghixis6.mongodb.net:27017 to client view of cluster
2025-05-04T15:29:57.915+05:30  INFO 26488 --- [PafBackend] [ngodb.net:27017] org.mongodb.driver.cluster               : Monitor thread successfully connected to server with description ServerDescription{address=ac-m6m70ig-shard-00-00.ghixis6.mongodb.net:27017, type=REPLICA_SET_SECONDARY, state=CONNECTED, ok=true, minWireVersion=0, maxWireVersion=25, maxDocumentSize=16777216, logicalSessionTimeoutMinutes=30, roundTripTimeNanos=1586140600, setName='atlas-ml03f3-shard-0', canonicalAddress=ac-m6m70ig-shard-00-00.ghixis6.mongodb.net:27017, hosts=[ac-m6m70ig-shard-00-02.ghixis6.mongodb.net:27017, ac-m6m70ig-shard-00-01.ghixis6.mongodb.net:27017, ac-m6m70ig-shard-00-00.ghixis6.mongodb.net:27017], passives=[], arbiters=[], primary='ac-m6m70ig-shard-00-02.ghixis6.mongodb.net:27017', tagSet=TagSet{[Tag{name='availabilityZone', value='aps1-az1'}, Tag{name='diskState', value='READY'}, Tag{name='nodeType', value='ELECTABLE'}, Tag{name='provider', value='AWS'}, Tag{name='region', value='AP_SOUTH_1'}, Tag{name='workloadType', value='OPERATIONAL'}]}, electionId=null, setVersion=317, topologyVersion=TopologyVersion{processId=680d5fa0ea3e09ee7f066db9, counter=4}, lastWriteDate=Sun May 04 15:29:58 IST 2025, lastUpdateTimeNanos=517910474986900}
2025-05-04T15:29:57.921+05:30  INFO 26488 --- [PafBackend] [ngodb.net:27017] org.mongodb.driver.cluster               : Monitor thread successfully connected to server with description ServerDescription{address=ac-m6m70ig-shard-00-02.ghixis6.mongodb.net:27017, type=REPLICA_SET_PRIMARY, state=CONNECTED, ok=true, minWireVersion=0, maxWireVersion=25, maxDocumentSize=16777216, logicalSessionTimeoutMinutes=30, roundTripTimeNanos=1594454200, setName='atlas-ml03f3-shard-0', canonicalAddress=ac-m6m70ig-shard-00-02.ghixis6.mongodb.net:27017, hosts=[ac-m6m70ig-shard-00-02.ghixis6.mongodb.net:27017, ac-m6m70ig-shard-00-01.ghixis6.mongodb.net:27017, ac-m6m70ig-shard-00-00.ghixis6.mongodb.net:27017], passives=[], arbiters=[], primary='ac-m6m70ig-shard-00-02.ghixis6.mongodb.net:27017', tagSet=TagSet{[Tag{name='availabilityZone', value='aps1-az2'}, Tag{name='diskState', value='READY'}, Tag{name='nodeType', value='ELECTABLE'}, Tag{name='provider', value='AWS'}, Tag{name='region', value='AP_SOUTH_1'}, Tag{name='workloadType', value='OPERATIONAL'}]}, electionId=7fffffff0000000000000109, setVersion=317, topologyVersion=TopologyVersion{processId=680d5eb3d20b0e2e949dd11c, counter=6}, lastWriteDate=Sun May 04 15:29:58 IST 2025, lastUpdateTimeNanos=517910474980600}
2025-05-04T15:29:57.921+05:30  INFO 26488 --- [PafBackend] [ngodb.net:27017] org.mongodb.driver.cluster               : Monitor thread successfully connected to server with description ServerDescription{address=ac-m6m70ig-shard-00-01.ghixis6.mongodb.net:27017, type=REPLICA_SET_SECONDARY, state=CONNECTED, ok=true, minWireVersion=0, maxWireVersion=25, maxDocumentSize=16777216, logicalSessionTimeoutMinutes=30, roundTripTimeNanos=1586947100, setName='atlas-ml03f3-shard-0', canonicalAddress=ac-m6m70ig-shard-00-01.ghixis6.mongodb.net:27017, hosts=[ac-m6m70ig-shard-00-02.ghixis6.mongodb.net:27017, ac-m6m70ig-shard-00-01.ghixis6.mongodb.net:27017, ac-m6m70ig-shard-00-00.ghixis6.mongodb.net:27017], passives=[], arbiters=[], primary='ac-m6m70ig-shard-00-02.ghixis6.mongodb.net:27017', tagSet=TagSet{[Tag{name='availabilityZone', value='aps1-az3'}, Tag{name='diskState', value='READY'}, Tag{name='nodeType', value='ELECTABLE'}, Tag{name='provider', value='AWS'}, Tag{name='region', value='AP_SOUTH_1'}, Tag{name='workloadType', value='OPERATIONAL'}]}, electionId=null, setVersion=317, topologyVersion=TopologyVersion{processId=680d609fb23137beda52ebc7, counter=3}, lastWriteDate=Sun May 04 15:29:58 IST 2025, lastUpdateTimeNanos=517910474983500}
2025-05-04T15:29:57.942+05:30  INFO 26488 --- [PafBackend] [ngodb.net:27017] org.mongodb.driver.cluster               : Discovered replica set primary ac-m6m70ig-shard-00-02.ghixis6.mongodb.net:27017 with max election id 7fffffff0000000000000109 and max set version 317
2025-05-04T15:29:58.152+05:30  INFO 26488 --- [PafBackend] [           main] com.example.pafbackend.config.KeyUtils   : loading keys from file: access-refresh-token-keys/access-token-public.key, access-refresh-token-keys/access-token-private.key
2025-05-04T15:29:58.288+05:30  INFO 26488 --- [PafBackend] [           main] com.example.pafbackend.config.KeyUtils   : loading keys from file: access-refresh-token-keys/refresh-token-public.key, access-refresh-token-keys/refresh-token-private.key
2025-05-04T15:29:58.367+05:30  INFO 26488 --- [PafBackend] [           main] c.e.pafbackend.config.SecurityConfig     : ===== dao authentication provider called
2025-05-04T15:30:02.583+05:30  INFO 26488 --- [PafBackend] [           main] o.s.s.web.DefaultSecurityFilterChain     : Will secure any request with [org.springframework.security.web.session.DisableEncodeUrlFilter@986b619, org.springframework.security.web.context.request.async.WebAsyncManagerIntegrationFilter@5a1a20ae, org.springframework.security.web.context.SecurityContextHolderFilter@2e159116, org.springframework.security.web.header.HeaderWriterFilter@2c668c2a, org.springframework.web.filter.CorsFilter@7c956dda, org.springframework.security.web.authentication.logout.LogoutFilter@36c783ca, org.springframework.security.oauth2.client.web.OAuth2AuthorizationRequestRedirectFilter@83ebdc5, org.springframework.security.oauth2.client.web.OAuth2LoginAuthenticationFilter@7856f41a, org.springframework.security.web.authentication.ui.DefaultLoginPageGeneratingFilter@7db162f2, org.springframework.security.web.authentication.ui.DefaultLogoutPageGeneratingFilter@186481d4, org.springframework.security.oauth2.server.resource.web.authentication.BearerTokenAuthenticationFilter@3fd33f48, org.springframework.security.web.savedrequest.RequestCacheAwareFilter@2976ca51, org.springframework.security.web.servletapi.SecurityContextHolderAwareRequestFilter@6b091a92, org.springframework.security.web.authentication.AnonymousAuthenticationFilter@24eecabf, org.springframework.security.web.session.SessionManagementFilter@51de5efa, org.springframework.security.web.access.ExceptionTranslationFilter@59f3426f, org.springframework.security.web.access.intercept.AuthorizationFilter@2804b13f]
2025-05-04T15:30:05.208+05:30  INFO 26488 --- [PafBackend] [           main] c.e.p.PafBackendApplicationTests         : Started PafBackendApplicationTests in 19.984 seconds (process running for 25.374)
]]></system-out>
  </testcase>
</testsuite>