<?xml version="1.0" encoding="UTF-8"?>
<testsuite xmlns:xsi="http://www.w3.org/2001/XMLSchema-instance" xsi:noNamespaceSchemaLocation="https://maven.apache.org/surefire/maven-surefire-plugin/xsd/surefire-test-report-3.0.xsd" version="3.0" name="com.example.pafbackend.PafBackendApplicationTests" time="5.567" tests="1" errors="0" skipped="0" failures="0">
  <properties>
[...]
</properties>
  <testcase name="contextLoads" classname="com.example.pafbackend.PafBackendApplicationTests" time="0.854">
    <system-out><![CDATA[23:45:36.108 [main] INFO org.springframework.test.context.support.AnnotationConfigContextLoaderUtils -- Could not detect default configuration classes for test class [com.example.pafbackend.PafBackendApplicationTests]: PafBackendApplicationTests does not declare any static, non-private, non-final, nested classes annotated with @Configuration.
23:45:36.237 [main] INFO org.springframework.boot.test.context.SpringBootTestContextBootstrapper -- Found @SpringBootConfiguration com.example.pafbackend.PafBackendApplication for test class com.example.pafbackend.PafBackendApplicationTests

  .   ____          _            __ _ _
 /\\ / ___'_ __ _ _(_)_ __  __ _ \ \ \ \
( ( )\___ | '_ | '_| | '_ \/ _` | \ \ \ \
 \\/  ___)| |_)| | | | | || (_| |  ) ) ) )
  '  |____| .__|_| |_|_| |_\__, | / / / /
 =========|_|==============|___/=/_/_/_/
 :: Spring Boot ::                (v3.2.4)

2025-05-03T23:45:36.705+05:30  INFO 8408 --- [PafBackend] [           main] c.e.p.PafBackendApplicationTests         : Starting PafBackendApplicationTests using Java 19.0.2 with PID 8408 (started by DELL in D:\cooking-share\backend)
2025-05-03T23:45:36.705+05:30  INFO 8408 --- [PafBackend] [           main] c.e.p.PafBackendApplicationTests         : The following 1 profile is active: "dev"
2025-05-03T23:45:37.357+05:30  INFO 8408 --- [PafBackend] [           main] .s.d.r.c.RepositoryConfigurationDelegate : Bootstrapping Spring Data MongoDB repositories in DEFAULT mode.
2025-05-03T23:45:37.504+05:30  INFO 8408 --- [PafBackend] [           main] .s.d.r.c.RepositoryConfigurationDelegate : Finished Spring Data repository scanning in 140 ms. Found 11 MongoDB repository interfaces.
2025-05-03T23:45:38.420+05:30  WARN 8408 --- [PafBackend] [           main] org.mongodb.driver.uri                   : Connection string contains unsupported option 'tlsallowinvalidcertificates'.
2025-05-03T23:45:38.512+05:30  INFO 8408 --- [PafBackend] [           main] org.mongodb.driver.client                : MongoClient with metadata {"application": {"name": "Cluster0"}, "driver": {"name": "mongo-java-driver|sync|spring-boot", "version": "4.11.1"}, "os": {"type": "Windows", "name": "Windows 11", "architecture": "amd64", "version": "10.0"}, "platform": "Java/Oracle Corporation/19.0.2+7-44"} created with settings MongoClientSettings{readPreference=primary, writeConcern=WriteConcern{w=majority, wTimeout=null ms, journal=null}, retryWrites=true, retryReads=true, readConcern=ReadConcern{level=null}, credential=MongoCredential{mechanism=null, userName='izu99', source='admin', password=<hidden>, mechanismProperties=<hidden>}, transportSettings=null, streamFactoryFactory=null, commandListeners=[], codecRegistry=ProvidersCodecRegistry{codecProviders=[ValueCodecProvider{}, BsonValueCodecProvider{}, DBRefCodecProvider{}, DBObjectCodecProvider{}, DocumentCodecProvider{}, CollectionCodecProvider{}, IterableCodecProvider{}, MapCodecProvider{}, GeoJsonCodecProvider{}, GridFSFileCodecProvider{}, Jsr310CodecProvider{}, JsonObjectCodecProvider{}, BsonCodecProvider{}, EnumCodecProvider{}, com.mongodb.client.model.mql.ExpressionCodecProvider@3b7c58e7, com.mongodb.Jep395RecordCodecProvider@79627d27, com.mongodb.KotlinCodecProvider@6371cf2f]}, loggerSettings=LoggerSettings{maxDocumentLength=1000}, clusterSettings={hosts=[127.0.0.1:27017], srvHost=cluster0.ghixis6.mongodb.net, srvServiceName=mongodb, mode=MULTIPLE, requiredClusterType=REPLICA_SET, requiredReplicaSetName='atlas-ml03f3-shard-0', serverSelector='null', clusterListeners='[]', serverSelectionTimeout='30000 ms', localThreshold='15 ms'}, socketSettings=SocketSettings{connectTimeoutMS=10000, readTimeoutMS=0, receiveBufferSize=0, proxySettings=ProxySettings{host=null, port=null, username=null, password=null}}, heartbeatSocketSettings=SocketSettings{connectTimeoutMS=10000, readTimeoutMS=10000, receiveBufferSize=0, proxySettings=ProxySettings{host=null, port=null, username=null, password=null}}, connectionPoolSettings=ConnectionPoolSettings{maxSize=100, minSize=0, maxWaitTimeMS=120000, maxConnectionLifeTimeMS=0, maxConnectionIdleTimeMS=0, maintenanceInitialDelayMS=0, maintenanceFrequencyMS=60000, connectionPoolListeners=[], maxConnecting=2}, serverSettings=ServerSettings{heartbeatFrequencyMS=10000, minHeartbeatFrequencyMS=500, serverListeners='[]', serverMonitorListeners='[]'}, sslSettings=SslSettings{enabled=true, invalidHostNameAllowed=false, context=null}, applicationName='Cluster0', compressorList=[], uuidRepresentation=JAVA_LEGACY, serverApi=null, autoEncryptionSettings=null, dnsClient=null, inetAddressResolver=null, contextProvider=null}
2025-05-03T23:45:38.529+05:30  INFO 8408 --- [PafBackend] [is6.mongodb.net] org.mongodb.driver.cluster               : Adding discovered server ac-m6m70ig-shard-00-00.ghixis6.mongodb.net:27017 to client view of cluster
2025-05-03T23:45:38.575+05:30  INFO 8408 --- [PafBackend] [is6.mongodb.net] org.mongodb.driver.cluster               : Adding discovered server ac-m6m70ig-shard-00-02.ghixis6.mongodb.net:27017 to client view of cluster
2025-05-03T23:45:38.579+05:30  INFO 8408 --- [PafBackend] [is6.mongodb.net] org.mongodb.driver.cluster               : Adding discovered server ac-m6m70ig-shard-00-01.ghixis6.mongodb.net:27017 to client view of cluster
2025-05-03T23:45:39.327+05:30  INFO 8408 --- [PafBackend] [           main] com.example.pafbackend.config.KeyUtils   : loading keys from file: access-refresh-token-keys/access-token-public.key, access-refresh-token-keys/access-token-private.key
2025-05-03T23:45:39.390+05:30  INFO 8408 --- [PafBackend] [           main] com.example.pafbackend.config.KeyUtils   : loading keys from file: access-refresh-token-keys/refresh-token-public.key, access-refresh-token-keys/refresh-token-private.key
2025-05-03T23:45:39.394+05:30  INFO 8408 --- [PafBackend] [           main] c.e.pafbackend.config.SecurityConfig     : ===== dao authentication provider called
2025-05-03T23:45:39.526+05:30  INFO 8408 --- [PafBackend] [ngodb.net:27017] org.mongodb.driver.cluster               : Monitor thread successfully connected to server with description ServerDescription{address=ac-m6m70ig-shard-00-02.ghixis6.mongodb.net:27017, type=REPLICA_SET_PRIMARY, state=CONNECTED, ok=true, minWireVersion=0, maxWireVersion=25, maxDocumentSize=16777216, logicalSessionTimeoutMinutes=30, roundTripTimeNanos=532962600, setName='atlas-ml03f3-shard-0', canonicalAddress=ac-m6m70ig-shard-00-02.ghixis6.mongodb.net:27017, hosts=[ac-m6m70ig-shard-00-02.ghixis6.mongodb.net:27017, ac-m6m70ig-shard-00-01.ghixis6.mongodb.net:27017, ac-m6m70ig-shard-00-00.ghixis6.mongodb.net:27017], passives=[], arbiters=[], primary='ac-m6m70ig-shard-00-02.ghixis6.mongodb.net:27017', tagSet=TagSet{[Tag{name='availabilityZone', value='aps1-az2'}, Tag{name='diskState', value='READY'}, Tag{name='nodeType', value='ELECTABLE'}, Tag{name='provider', value='AWS'}, Tag{name='region', value='AP_SOUTH_1'}, Tag{name='workloadType', value='OPERATIONAL'}]}, electionId=7fffffff0000000000000109, setVersion=317, topologyVersion=TopologyVersion{processId=680d5eb3d20b0e2e949dd11c, counter=6}, lastWriteDate=Sat May 03 23:45:40 IST 2025, lastUpdateTimeNanos=281254976669500}
2025-05-03T23:45:39.526+05:30  INFO 8408 --- [PafBackend] [ngodb.net:27017] org.mongodb.driver.cluster               : Monitor thread successfully connected to server with description ServerDescription{address=ac-m6m70ig-shard-00-01.ghixis6.mongodb.net:27017, type=REPLICA_SET_SECONDARY, state=CONNECTED, ok=true, minWireVersion=0, maxWireVersion=25, maxDocumentSize=16777216, logicalSessionTimeoutMinutes=30, roundTripTimeNanos=502808999, setName='atlas-ml03f3-shard-0', canonicalAddress=ac-m6m70ig-shard-00-01.ghixis6.mongodb.net:27017, hosts=[ac-m6m70ig-shard-00-02.ghixis6.mongodb.net:27017, ac-m6m70ig-shard-00-01.ghixis6.mongodb.net:27017, ac-m6m70ig-shard-00-00.ghixis6.mongodb.net:27017], passives=[], arbiters=[], primary='ac-m6m70ig-shard-00-02.ghixis6.mongodb.net:27017', tagSet=TagSet{[Tag{name='availabilityZone', value='aps1-az3'}, Tag{name='diskState', value='READY'}, Tag{name='nodeType', value='ELECTABLE'}, Tag{name='provider', value='AWS'}, Tag{name='region', value='AP_SOUTH_1'}, Tag{name='workloadType', value='OPERATIONAL'}]}, electionId=null, setVersion=317, topologyVersion=TopologyVersion{processId=680d609fb23137beda52ebc7, counter=3}, lastWriteDate=Sat May 03 23:45:40 IST 2025, lastUpdateTimeNanos=281254976669600}
2025-05-03T23:45:39.533+05:30  INFO 8408 --- [PafBackend] [ngodb.net:27017] org.mongodb.driver.cluster               : Monitor thread successfully connected to server with description ServerDescription{address=ac-m6m70ig-shard-00-00.ghixis6.mongodb.net:27017, type=REPLICA_SET_SECONDARY, state=CONNECTED, ok=true, minWireVersion=0, maxWireVersion=25, maxDocumentSize=16777216, logicalSessionTimeoutMinutes=30, roundTripTimeNanos=513840999, setName='atlas-ml03f3-shard-0', canonicalAddress=ac-m6m70ig-shard-00-00.ghixis6.mongodb.net:27017, hosts=[ac-m6m70ig-shard-00-02.ghixis6.mongodb.net:27017, ac-m6m70ig-shard-00-01.ghixis6.mongodb.net:27017, ac-m6m70ig-shard-00-00.ghixis6.mongodb.net:27017], passives=[], arbiters=[], primary='ac-m6m70ig-shard-00-02.ghixis6.mongodb.net:27017', tagSet=TagSet{[Tag{name='availabilityZone', value='aps1-az1'}, Tag{name='diskState', value='READY'}, Tag{name='nodeType', value='ELECTABLE'}, Tag{name='provider', value='AWS'}, Tag{name='region', value='AP_SOUTH_1'}, Tag{name='workloadType', value='OPERATIONAL'}]}, electionId=null, setVersion=317, topologyVersion=TopologyVersion{processId=680d5fa0ea3e09ee7f066db9, counter=4}, lastWriteDate=Sat May 03 23:45:40 IST 2025, lastUpdateTimeNanos=281254985637900}
2025-05-03T23:45:39.534+05:30  INFO 8408 --- [PafBackend] [ngodb.net:27017] org.mongodb.driver.cluster               : Discovered replica set primary ac-m6m70ig-shard-00-02.ghixis6.mongodb.net:27017 with max election id 7fffffff0000000000000109 and max set version 317
2025-05-03T23:45:40.244+05:30  INFO 8408 --- [PafBackend] [           main] o.s.s.web.DefaultSecurityFilterChain     : Will secure any request with [org.springframework.security.web.session.DisableEncodeUrlFilter@3ea84e01, org.springframework.security.web.context.request.async.WebAsyncManagerIntegrationFilter@1a4930cf, org.springframework.security.web.context.SecurityContextHolderFilter@6efd0a6e, org.springframework.security.web.header.HeaderWriterFilter@6b2e9db2, org.springframework.web.filter.CorsFilter@3fd33f48, org.springframework.security.web.authentication.logout.LogoutFilter@503a7990, org.springframework.security.oauth2.client.web.OAuth2AuthorizationRequestRedirectFilter@2f9addd4, org.springframework.security.oauth2.client.web.OAuth2LoginAuthenticationFilter@71b3ba5a, org.springframework.security.web.authentication.ui.DefaultLoginPageGeneratingFilter@6996bbc4, org.springframework.security.web.authentication.ui.DefaultLogoutPageGeneratingFilter@75a226ea, org.springframework.security.oauth2.server.resource.web.authentication.BearerTokenAuthenticationFilter@7645b7d, org.springframework.security.web.savedrequest.RequestCacheAwareFilter@30228de7, org.springframework.security.web.servletapi.SecurityContextHolderAwareRequestFilter@28bd5015, org.springframework.security.web.authentication.AnonymousAuthenticationFilter@986b619, org.springframework.security.web.session.SessionManagementFilter@1a34a51e, org.springframework.security.web.access.ExceptionTranslationFilter@e7b0bec, org.springframework.security.web.access.intercept.AuthorizationFilter@a120b9]
2025-05-03T23:45:40.635+05:30  INFO 8408 --- [PafBackend] [           main] c.e.p.PafBackendApplicationTests         : Started PafBackendApplicationTests in 4.264 seconds (process running for 5.183)
]]></system-out>
  </testcase>
</testsuite>